<?xml version="1.0" encoding="UTF-8"?>
<!-- Generated by org.testng.reporters.JUnitReportReporter -->
<testsuite hostname="LAPTOP-CQL946G0" name="assessments.Assessement1" tests="1" failures="0" timestamp="14 Aug 2023 08:14:50 GMT" time="0.713" errors="0">
  <testcase name="operation" time="0.713" classname="assessments.Assessement1"/>
</testsuite> <!-- assessments.Assessement1 -->
